Determining if the pthread_create exist failed with the following output:
Change Dir: /home/eaibot/dashgo_ws/build/CMakeFiles/CMakeTmp

Run Build Command:"/usr/bin/make" "cmTC_f373b/fast"
/usr/bin/make -f CMakeFiles/cmTC_f373b.dir/build.make CMakeFiles/cmTC_f373b.dir/build
make[1]: Entering directory '/home/eaibot/dashgo_ws/build/CMakeFiles/CMakeTmp'
Building C object CMakeFiles/cmTC_f373b.dir/CheckSymbolExists.c.o
/usr/bin/cc     -o CMakeFiles/cmTC_f373b.dir/CheckSymbolExists.c.o   -c /home/eaibot/dashgo_ws/build/CMakeFiles/CMakeTmp/CheckSymbolExists.c
Linking C executable cmTC_f373b
/usr/bin/cmake -E cmake_link_script CMakeFiles/cmTC_f373b.dir/link.txt --verbose=1
/usr/bin/cc       CMakeFiles/cmTC_f373b.dir/CheckSymbolExists.c.o  -o cmTC_f373b -rdynamic 
CMakeFiles/cmTC_f373b.dir/CheckSymbolExists.c.o: In function `main':
CheckSymbolExists.c:(.text+0xe): undefined reference to `pthread_create'
CheckSymbolExists.c:(.text+0x12): undefined reference to `pthread_create'
collect2: error: ld returned 1 exit status
CMakeFiles/cmTC_f373b.dir/build.make:97: recipe for target 'cmTC_f373b' failed
make[1]: *** [cmTC_f373b] Error 1
make[1]: Leaving directory '/home/eaibot/dashgo_ws/build/CMakeFiles/CMakeTmp'
Makefile:126: recipe for target 'cmTC_f373b/fast' failed
make: *** [cmTC_f373b/fast] Error 2

File /home/eaibot/dashgo_ws/build/CMakeFiles/CMakeTmp/CheckSymbolExists.c:
/* */
#include <pthread.h>

int main(int argc, char** argv)
{
  (void)argv;
#ifndef pthread_create
  return ((int*)(&pthread_create))[argc];
#else
  (void)argc;
  return 0;
#endif
}

Determining if the function pthread_create exists in the pthreads failed with the following output:
Change Dir: /home/eaibot/dashgo_ws/build/CMakeFiles/CMakeTmp

Run Build Command:"/usr/bin/make" "cmTC_051bd/fast"
/usr/bin/make -f CMakeFiles/cmTC_051bd.dir/build.make CMakeFiles/cmTC_051bd.dir/build
make[1]: Entering directory '/home/eaibot/dashgo_ws/build/CMakeFiles/CMakeTmp'
Building C object CMakeFiles/cmTC_051bd.dir/CheckFunctionExists.c.o
/usr/bin/cc    -DCHECK_FUNCTION_EXISTS=pthread_create   -o CMakeFiles/cmTC_051bd.dir/CheckFunctionExists.c.o   -c /usr/share/cmake-3.5/Modules/CheckFunctionExists.c
Linking C executable cmTC_051bd
/usr/bin/cmake -E cmake_link_script CMakeFiles/cmTC_051bd.dir/link.txt --verbose=1
/usr/bin/cc   -DCHECK_FUNCTION_EXISTS=pthread_create    CMakeFiles/cmTC_051bd.dir/CheckFunctionExists.c.o  -o cmTC_051bd -rdynamic -lpthreads 
/usr/bin/ld: cannot find -lpthreads
collect2: error: ld returned 1 exit status
CMakeFiles/cmTC_051bd.dir/build.make:97: recipe for target 'cmTC_051bd' failed
make[1]: *** [cmTC_051bd] Error 1
make[1]: Leaving directory '/home/eaibot/dashgo_ws/build/CMakeFiles/CMakeTmp'
Makefile:126: recipe for target 'cmTC_051bd/fast' failed
make: *** [cmTC_051bd/fast] Error 2


